0 verbose cli C:\Program Files\nodejs\node.exe C:\Program Files\nodejs\node_modules\npm\bin\npm-cli.js
1 info using npm@8.11.0
2 info using node@v16.15.1
3 timing npm:load:whichnode Completed in 1ms
4 timing config:load:defaults Completed in 1ms
5 timing config:load:file:D:\NodeJs\nvm\v16.15.1\node_modules\npm\npmrc Completed in 1ms
6 timing config:load:builtin Completed in 1ms
7 timing config:load:cli Completed in 1ms
8 timing config:load:env Completed in 1ms
9 timing config:load:file:D:\GitHub\InProgress1\.npmrc Completed in 0ms
10 timing config:load:project Completed in 1ms
11 timing config:load:file:C:\Users\psing\.npmrc Completed in 0ms
12 timing config:load:user Completed in 1ms
13 timing config:load:file:C:\Program Files\nodejs\etc\npmrc Completed in 0ms
14 timing config:load:global Completed in 0ms
15 timing config:load:validate Completed in 0ms
16 timing config:load:credentials Completed in 1ms
17 timing config:load:setEnvs Completed in 0ms
18 timing config:load Completed in 7ms
19 timing npm:load:configload Completed in 8ms
20 timing npm:load:mkdirpcache Completed in 0ms
21 timing npm:load:mkdirplogs Completed in 1ms
22 verbose title npm audit
23 verbose argv "audit"
24 timing npm:load:setTitle Completed in 1ms
25 timing config:load:flatten Completed in 2ms
26 timing npm:load:display Completed in 3ms
27 verbose logfile logs-max:10 dir:C:\Users\psing\AppData\Local\npm-cache\_logs
28 verbose logfile C:\Users\psing\AppData\Local\npm-cache\_logs\2022-06-13T13_19_23_371Z-debug-0.log
29 timing npm:load:logFile Completed in 6ms
30 timing npm:load:timers Completed in 0ms
31 timing npm:load:configScope Completed in 0ms
32 timing npm:load Completed in 21ms
33 timing arborist:ctor Completed in 1ms
34 silly logfile start cleaning logs, removing 2 files
35 timing command:audit Completed in 10ms
36 verbose stack Error: loadVirtual requires existing shrinkwrap file
36 verbose stack     at Arborist.loadVirtual (D:\NodeJs\nvm\v16.15.1\node_modules\npm\node_modules\@npmcli\arborist\lib\arborist\load-virtual.js:63:18)
36 verbose stack     at async Arborist.audit (D:\NodeJs\nvm\v16.15.1\node_modules\npm\node_modules\@npmcli\arborist\lib\arborist\audit.js:25:18)
36 verbose stack     at async Audit.exec (D:\NodeJs\nvm\v16.15.1\node_modules\npm\lib\commands\audit.js:51:5)
36 verbose stack     at async module.exports (D:\NodeJs\nvm\v16.15.1\node_modules\npm\lib\cli.js:78:5)
37 verbose cwd D:\GitHub\InProgress1
38 verbose Windows_NT 10.0.19044
39 verbose node v16.15.1
40 verbose npm  v8.11.0
41 error code ENOLOCK
42 error audit This command requires an existing lockfile.
43 error audit Try creating one first with: npm i --package-lock-only
44 error audit Original error: loadVirtual requires existing shrinkwrap file
45 verbose exit 1
46 timing npm Completed in 666ms
47 verbose unfinished npm timer audit 1655126364023
48 verbose code 1
49 error A complete log of this run can be found in:
49 error     C:\Users\psing\AppData\Local\npm-cache\_logs\2022-06-13T13_19_23_371Z-debug-0.log
